[debug] [2024-09-20T11:36:03.520Z] ----------------------------------------------------------------------
[debug] [2024-09-20T11:36:03.529Z] Command:       C:\Program Files\nodejs\node.exe C:\Users\elsto\AppData\Roaming\npm\node_modules\firebase-tools\lib\bin\firebase.js init
[debug] [2024-09-20T11:36:03.530Z] CLI Version:   13.17.0
[debug] [2024-09-20T11:36:03.530Z] Platform:      win32
[debug] [2024-09-20T11:36:03.530Z] Node Version:  v20.11.1
[debug] [2024-09-20T11:36:03.530Z] Time:          Fri Sep 20 2024 19:36:03 GMT+0800 (Singapore Standard Time)
[debug] [2024-09-20T11:36:03.531Z] ----------------------------------------------------------------------
[debug] 
[debug] [2024-09-20T11:36:03.540Z] > command requires scopes: ["email","openid","https://www.googleapis.com/auth/cloudplatformprojects.readonly","https://www.googleapis.com/auth/firebase","https://www.googleapis.com/auth/cloud-platform"]
[debug] [2024-09-20T11:36:03.541Z] > authorizing via signed-in user (elston1703@gmail.com)
[info] 
     ######## #### ########  ######## ########     ###     ######  ########
     ##        ##  ##     ## ##       ##     ##  ##   ##  ##       ##
     ######    ##  ########  ######   ########  #########  ######  ######
     ##        ##  ##    ##  ##       ##     ## ##     ##       ## ##
     ##       #### ##     ## ######## ########  ##     ##  ######  ########

You're about to initialize a Firebase project in this directory:

  C:\Users\elsto\Downloads\Python\frontend

[info] 
=== Project Setup
[info] 
[info] First, let's associate this project directory with a Firebase project.
[info] You can create multiple project aliases by running firebase use --add, 
[info] but for now we'll just set up a default project.
[info] 
[debug] [2024-09-20T11:36:09.672Z] >>> [apiv2][query] GET https://firebase.googleapis.com/v1beta1/projects pageSize=100
[debug] [2024-09-20T11:36:10.321Z] <<< [apiv2][status] GET https://firebase.googleapis.com/v1beta1/projects 200
[debug] [2024-09-20T11:36:10.321Z] <<< [apiv2][body] GET https://firebase.googleapis.com/v1beta1/projects [omitted]
[info] i  Using project cambodia-product-partnership (Cambodia-Product-Partnership) 
[info] 
=== Firestore Setup
[debug] [2024-09-20T11:36:11.426Z] >>> [apiv2][query] GET https://serviceusage.googleapis.com/v1/projects/cambodia-product-partnership/services/firestore.googleapis.com [none]
[debug] [2024-09-20T11:36:11.426Z] >>> [apiv2][(partial)header] GET https://serviceusage.googleapis.com/v1/projects/cambodia-product-partnership/services/firestore.googleapis.com x-goog-quota-user=projects/cambodia-product-partnership
[debug] [2024-09-20T11:36:12.798Z] <<< [apiv2][status] GET https://serviceusage.googleapis.com/v1/projects/cambodia-product-partnership/services/firestore.googleapis.com 200
[debug] [2024-09-20T11:36:12.798Z] <<< [apiv2][body] GET https://serviceusage.googleapis.com/v1/projects/cambodia-product-partnership/services/firestore.googleapis.com [omitted]
[debug] [2024-09-20T11:36:12.799Z] >>> [apiv2][query] GET https://firestore.googleapis.com/v1/projects/cambodia-product-partnership/databases/(default) [none]
[debug] [2024-09-20T11:36:12.909Z] <<< [apiv2][status] GET https://firestore.googleapis.com/v1/projects/cambodia-product-partnership/databases/(default) 200
[debug] [2024-09-20T11:36:12.909Z] <<< [apiv2][body] GET https://firestore.googleapis.com/v1/projects/cambodia-product-partnership/databases/(default) {"name":"projects/cambodia-product-partnership/databases/(default)","uid":"b97f2c2d-5a7e-4676-b41c-6638987a87aa","createTime":"2024-09-20T11:33:50.394237Z","updateTime":"2024-09-20T11:33:50.394237Z","locationId":"asia-southeast1","type":"FIRESTORE_NATIVE","concurrencyMode":"PESSIMISTIC","versionRetentionPeriod":"3600s","earliestVersionTime":"2024-09-20T11:33:50.394237Z","appEngineIntegrationMode":"DISABLED","keyPrefix":"zas","pointInTimeRecoveryEnablement":"POINT_IN_TIME_RECOVERY_DISABLED","deleteProtectionState":"DELETE_PROTECTION_DISABLED","etag":"IKGAgJK30YgDMP3OiM620YgD"}
[debug] [2024-09-20T11:36:12.910Z] database_type: FIRESTORE_NATIVE
[debug] [2024-09-20T11:36:12.910Z] > command requires scopes: ["email","openid","https://www.googleapis.com/auth/cloudplatformprojects.readonly","https://www.googleapis.com/auth/firebase","https://www.googleapis.com/auth/cloud-platform"]
[debug] [2024-09-20T11:36:12.910Z] > authorizing via signed-in user (elston1703@gmail.com)
[debug] [2024-09-20T11:36:12.910Z] [iam] checking project cambodia-product-partnership for permissions ["firebase.projects.get"]
[debug] [2024-09-20T11:36:12.910Z] >>> [apiv2][query] POST https://cloudresourcemanager.googleapis.com/v1/projects/cambodia-product-partnership:testIamPermissions [none]
[debug] [2024-09-20T11:36:12.911Z] >>> [apiv2][(partial)header] POST https://cloudresourcemanager.googleapis.com/v1/projects/cambodia-product-partnership:testIamPermissions x-goog-quota-user=projects/cambodia-product-partnership
[debug] [2024-09-20T11:36:12.911Z] >>> [apiv2][body] POST https://cloudresourcemanager.googleapis.com/v1/projects/cambodia-product-partnership:testIamPermissions {"permissions":["firebase.projects.get"]}
[debug] [2024-09-20T11:36:13.940Z] <<< [apiv2][status] POST https://cloudresourcemanager.googleapis.com/v1/projects/cambodia-product-partnership:testIamPermissions 200
[debug] [2024-09-20T11:36:13.941Z] <<< [apiv2][body] POST https://cloudresourcemanager.googleapis.com/v1/projects/cambodia-product-partnership:testIamPermissions {"permissions":["firebase.projects.get"]}
[info] 
[info] Firestore Security Rules allow you to define how and when to allow
[info] requests. You can keep these rules in your project directory
[info] and publish them with firebase deploy.
[info] 
[debug] [2024-09-20T11:36:16.396Z] >>> [apiv2][query] GET https://firebaserules.googleapis.com/v1/projects/cambodia-product-partnership/releases pageSize=10&pageToken=
[debug] [2024-09-20T11:36:17.712Z] <<< [apiv2][status] GET https://firebaserules.googleapis.com/v1/projects/cambodia-product-partnership/releases 200
[debug] [2024-09-20T11:36:17.712Z] <<< [apiv2][body] GET https://firebaserules.googleapis.com/v1/projects/cambodia-product-partnership/releases {"releases":[{"name":"projects/cambodia-product-partnership/releases/cloud.firestore","rulesetName":"projects/cambodia-product-partnership/rulesets/5d836f56-df6e-499d-87d7-8f0b434918b0","createTime":"2024-09-20T11:33:59.777165Z","updateTime":"2024-09-20T11:33:59.777165Z"}]}
[debug] [2024-09-20T11:36:17.712Z] Found ruleset: projects/cambodia-product-partnership/rulesets/5d836f56-df6e-499d-87d7-8f0b434918b0
[debug] [2024-09-20T11:36:17.713Z] >>> [apiv2][query] GET https://firebaserules.googleapis.com/v1/projects/cambodia-product-partnership/rulesets/5d836f56-df6e-499d-87d7-8f0b434918b0 [none]
[debug] [2024-09-20T11:36:18.973Z] <<< [apiv2][status] GET https://firebaserules.googleapis.com/v1/projects/cambodia-product-partnership/rulesets/5d836f56-df6e-499d-87d7-8f0b434918b0 200
[debug] [2024-09-20T11:36:18.974Z] <<< [apiv2][body] GET https://firebaserules.googleapis.com/v1/projects/cambodia-product-partnership/rulesets/5d836f56-df6e-499d-87d7-8f0b434918b0 [omitted]
[info] 
[info] Firestore indexes allow you to perform complex queries while
[info] maintaining performance that scales with the size of the result
[info] set. You can keep index definitions in your project directory
[info] and publish them with firebase deploy.
[info] 
[debug] [2024-09-20T11:36:21.541Z] >>> [apiv2][query] GET https://firestore.googleapis.com/v1/projects/cambodia-product-partnership/databases/(default)/collectionGroups/-/indexes [none]
[debug] [2024-09-20T11:36:21.544Z] >>> [apiv2][query] GET https://firestore.googleapis.com/v1/projects/cambodia-product-partnership/databases/(default)/collectionGroups/-/fields?filter=indexConfig.usesAncestorConfig=false OR ttlConfig:* [none]
[debug] [2024-09-20T11:36:21.732Z] <<< [apiv2][status] GET https://firestore.googleapis.com/v1/projects/cambodia-product-partnership/databases/(default)/collectionGroups/-/indexes 200
[debug] [2024-09-20T11:36:21.732Z] <<< [apiv2][body] GET https://firestore.googleapis.com/v1/projects/cambodia-product-partnership/databases/(default)/collectionGroups/-/indexes {}
[debug] [2024-09-20T11:36:21.840Z] <<< [apiv2][status] GET https://firestore.googleapis.com/v1/projects/cambodia-product-partnership/databases/(default)/collectionGroups/-/fields?filter=indexConfig.usesAncestorConfig=false OR ttlConfig:* 200
[debug] [2024-09-20T11:36:21.840Z] <<< [apiv2][body] GET https://firestore.googleapis.com/v1/projects/cambodia-product-partnership/databases/(default)/collectionGroups/-/fields?filter=indexConfig.usesAncestorConfig=false OR ttlConfig:* {"fields":[{"name":"projects/cambodia-product-partnership/databases/(default)/collectionGroups/__default__/fields/*","indexConfig":{"indexes":[{"queryScope":"COLLECTION","fields":[{"fieldPath":"*","order":"ASCENDING"}],"state":"READY"},{"queryScope":"COLLECTION","fields":[{"fieldPath":"*","order":"DESCENDING"}],"state":"READY"},{"queryScope":"COLLECTION","fields":[{"fieldPath":"*","arrayConfig":"CONTAINS"}],"state":"READY"}]}}]}
[info] 
=== Hosting Setup
[debug] [2024-09-20T11:36:21.843Z] >>> [apiv2][query] GET https://firebase.googleapis.com/v1beta1/projects/cambodia-product-partnership [none]
[debug] [2024-09-20T11:36:22.155Z] <<< [apiv2][status] GET https://firebase.googleapis.com/v1beta1/projects/cambodia-product-partnership 200
[debug] [2024-09-20T11:36:22.155Z] <<< [apiv2][body] GET https://firebase.googleapis.com/v1beta1/projects/cambodia-product-partnership {"projectId":"cambodia-product-partnership","projectNumber":"727226682293","displayName":"Cambodia-Product-Partnership","name":"projects/cambodia-product-partnership","resources":{"hostingSite":"cambodia-product-partnership"},"state":"ACTIVE","etag":"1_0e826de3-7897-45c2-abd0-4c2d0b17f0a4"}
[info] 
[info] Your public directory is the folder (relative to your project directory) that
[info] will contain Hosting assets to be uploaded with firebase deploy. If you
[info] have a build process for your assets, use your build's output directory.
[info] 
